<?xml version="1.0" encoding="UTF-8"?>
<testsuite xmlns:xsi="http://www.w3.org/2001/XMLSchema-instance" xsi:noNamespaceSchemaLocation="https://maven.apache.org/surefire/maven-surefire-plugin/xsd/surefire-test-report-3.0.xsd" version="3.0" name="TestSuite" time="9.574" tests="4" errors="0" skipped="0" failures="0">
  <properties>
    <property name="java.specification.version" value="15"/>
    <property name="webdriver.chrome.driver" value="/Users/temur/Downloads/chromedriver"/>
    <property name="sun.jnu.encoding" value="UTF-8"/>
    <property name="java.class.path" value="/Users/temur/eclipse-workspace/End2End/target/test-classes:/Users/temur/eclipse-workspace/End2End/target/classes:/Users/temur/.m2/repository/org/seleniumhq/selenium/selenium-java/3.141.59/selenium-java-3.141.59.jar:/Users/temur/.m2/repository/org/seleniumhq/selenium/selenium-api/3.141.59/selenium-api-3.141.59.jar:/Users/temur/.m2/repository/org/seleniumhq/selenium/selenium-chrome-driver/3.141.59/selenium-chrome-driver-3.141.59.jar:/Users/temur/.m2/repository/org/seleniumhq/selenium/selenium-edge-driver/3.141.59/selenium-edge-driver-3.141.59.jar:/Users/temur/.m2/repository/org/seleniumhq/selenium/selenium-firefox-driver/3.141.59/selenium-firefox-driver-3.141.59.jar:/Users/temur/.m2/repository/org/seleniumhq/selenium/selenium-ie-driver/3.141.59/selenium-ie-driver-3.141.59.jar:/Users/temur/.m2/repository/org/seleniumhq/selenium/selenium-opera-driver/3.141.59/selenium-opera-driver-3.141.59.jar:/Users/temur/.m2/repository/org/seleniumhq/selenium/selenium-remote-driver/3.141.59/selenium-remote-driver-3.141.59.jar:/Users/temur/.m2/repository/org/seleniumhq/selenium/selenium-safari-driver/3.141.59/selenium-safari-driver-3.141.59.jar:/Users/temur/.m2/repository/org/seleniumhq/selenium/selenium-support/3.141.59/selenium-support-3.141.59.jar:/Users/temur/.m2/repository/net/bytebuddy/byte-buddy/1.8.15/byte-buddy-1.8.15.jar:/Users/temur/.m2/repository/org/apache/commons/commons-exec/1.3/commons-exec-1.3.jar:/Users/temur/.m2/repository/com/google/guava/guava/25.0-jre/guava-25.0-jre.jar:/Users/temur/.m2/repository/com/google/code/findbugs/jsr305/1.3.9/jsr305-1.3.9.jar:/Users/temur/.m2/repository/org/checkerframework/checker-compat-qual/2.0.0/checker-compat-qual-2.0.0.jar:/Users/temur/.m2/repository/com/google/errorprone/error_prone_annotations/2.1.3/error_prone_annotations-2.1.3.jar:/Users/temur/.m2/repository/com/google/j2objc/j2objc-annotations/1.1/j2objc-annotations-1.1.jar:/Users/temur/.m2/repository/org/codehaus/mojo/animal-sniffer-annotations/1.14/animal-sniffer-annotations-1.14.jar:/Users/temur/.m2/repository/com/squareup/okhttp3/okhttp/3.11.0/okhttp-3.11.0.jar:/Users/temur/.m2/repository/com/squareup/okio/okio/1.14.0/okio-1.14.0.jar:/Users/temur/.m2/repository/org/testng/testng/7.3.0/testng-7.3.0.jar:/Users/temur/.m2/repository/com/beust/jcommander/1.78/jcommander-1.78.jar:/Users/temur/.m2/repository/org/apache/ant/ant/1.10.3/ant-1.10.3.jar:/Users/temur/.m2/repository/org/apache/ant/ant-launcher/1.10.3/ant-launcher-1.10.3.jar:/Users/temur/.m2/repository/junit/junit/4.12/junit-4.12.jar:/Users/temur/.m2/repository/org/hamcrest/hamcrest-core/1.3/hamcrest-core-1.3.jar:/Users/temur/.m2/repository/com/google/inject/guice/4.2.2/guice-4.2.2-no_aop.jar:/Users/temur/.m2/repository/javax/inject/javax.inject/1/javax.inject-1.jar:/Users/temur/.m2/repository/aopalliance/aopalliance/1.0/aopalliance-1.0.jar:/Users/temur/.m2/repository/org/yaml/snakeyaml/1.21/snakeyaml-1.21.jar:"/>
    <property name="java.vm.vendor" value="Oracle Corporation"/>
    <property name="sun.arch.data.model" value="64"/>
    <property name="java.vendor.url" value="https://openjdk.java.net/"/>
    <property name="user.timezone" value="America/New_York"/>
    <property name="os.name" value="Mac OS X"/>
    <property name="java.vm.specification.version" value="15"/>
    <property name="sun.java.launcher" value="SUN_STANDARD"/>
    <property name="user.country" value="US"/>
    <property name="sun.boot.library.path" value="/usr/local/Cellar/openjdk/15.0.1/libexec/openjdk.jdk/Contents/Home/lib"/>
    <property name="sun.java.command" value="/Users/temur/eclipse-workspace/End2End/target/surefire/surefirebooter7490232585068180340.jar /Users/temur/eclipse-workspace/End2End/target/surefire 2020-12-07T21-53-56_463-jvmRun1 surefire18100036879330808364tmp surefire_010389539408101409895tmp"/>
    <property name="http.nonProxyHosts" value="local|*.local|169.254/16|*.169.254/16"/>
    <property name="jdk.debug" value="release"/>
    <property name="surefire.test.class.path" value="/Users/temur/eclipse-workspace/End2End/target/test-classes:/Users/temur/eclipse-workspace/End2End/target/classes:/Users/temur/.m2/repository/org/seleniumhq/selenium/selenium-java/3.141.59/selenium-java-3.141.59.jar:/Users/temur/.m2/repository/org/seleniumhq/selenium/selenium-api/3.141.59/selenium-api-3.141.59.jar:/Users/temur/.m2/repository/org/seleniumhq/selenium/selenium-chrome-driver/3.141.59/selenium-chrome-driver-3.141.59.jar:/Users/temur/.m2/repository/org/seleniumhq/selenium/selenium-edge-driver/3.141.59/selenium-edge-driver-3.141.59.jar:/Users/temur/.m2/repository/org/seleniumhq/selenium/selenium-firefox-driver/3.141.59/selenium-firefox-driver-3.141.59.jar:/Users/temur/.m2/repository/org/seleniumhq/selenium/selenium-ie-driver/3.141.59/selenium-ie-driver-3.141.59.jar:/Users/temur/.m2/repository/org/seleniumhq/selenium/selenium-opera-driver/3.141.59/selenium-opera-driver-3.141.59.jar:/Users/temur/.m2/repository/org/seleniumhq/selenium/selenium-remote-driver/3.141.59/selenium-remote-driver-3.141.59.jar:/Users/temur/.m2/repository/org/seleniumhq/selenium/selenium-safari-driver/3.141.59/selenium-safari-driver-3.141.59.jar:/Users/temur/.m2/repository/org/seleniumhq/selenium/selenium-support/3.141.59/selenium-support-3.141.59.jar:/Users/temur/.m2/repository/net/bytebuddy/byte-buddy/1.8.15/byte-buddy-1.8.15.jar:/Users/temur/.m2/repository/org/apache/commons/commons-exec/1.3/commons-exec-1.3.jar:/Users/temur/.m2/repository/com/google/guava/guava/25.0-jre/guava-25.0-jre.jar:/Users/temur/.m2/repository/com/google/code/findbugs/jsr305/1.3.9/jsr305-1.3.9.jar:/Users/temur/.m2/repository/org/checkerframework/checker-compat-qual/2.0.0/checker-compat-qual-2.0.0.jar:/Users/temur/.m2/repository/com/google/errorprone/error_prone_annotations/2.1.3/error_prone_annotations-2.1.3.jar:/Users/temur/.m2/repository/com/google/j2objc/j2objc-annotations/1.1/j2objc-annotations-1.1.jar:/Users/temur/.m2/repository/org/codehaus/mojo/animal-sniffer-annotations/1.14/animal-sniffer-annotations-1.14.jar:/Users/temur/.m2/repository/com/squareup/okhttp3/okhttp/3.11.0/okhttp-3.11.0.jar:/Users/temur/.m2/repository/com/squareup/okio/okio/1.14.0/okio-1.14.0.jar:/Users/temur/.m2/repository/org/testng/testng/7.3.0/testng-7.3.0.jar:/Users/temur/.m2/repository/com/beust/jcommander/1.78/jcommander-1.78.jar:/Users/temur/.m2/repository/org/apache/ant/ant/1.10.3/ant-1.10.3.jar:/Users/temur/.m2/repository/org/apache/ant/ant-launcher/1.10.3/ant-launcher-1.10.3.jar:/Users/temur/.m2/repository/junit/junit/4.12/junit-4.12.jar:/Users/temur/.m2/repository/org/hamcrest/hamcrest-core/1.3/hamcrest-core-1.3.jar:/Users/temur/.m2/repository/com/google/inject/guice/4.2.2/guice-4.2.2-no_aop.jar:/Users/temur/.m2/repository/javax/inject/javax.inject/1/javax.inject-1.jar:/Users/temur/.m2/repository/aopalliance/aopalliance/1.0/aopalliance-1.0.jar:/Users/temur/.m2/repository/org/yaml/snakeyaml/1.21/snakeyaml-1.21.jar:"/>
    <property name="sun.cpu.endian" value="little"/>
    <property name="user.home" value="/Users/temur"/>
    <property name="user.language" value="en"/>
    <property name="java.specification.vendor" value="Oracle Corporation"/>
    <property name="java.version.date" value="2020-10-20"/>
    <property name="java.home" value="/usr/local/Cellar/openjdk/15.0.1/libexec/openjdk.jdk/Contents/Home"/>
    <property name="file.separator" value="/"/>
    <property name="basedir" value="/Users/temur/eclipse-workspace/End2End"/>
    <property name="java.vm.compressedOopsMode" value="Zero based"/>
    <property name="line.separator" value="&#10;"/>
    <property name="java.specification.name" value="Java Platform API Specification"/>
    <property name="java.vm.specification.vendor" value="Oracle Corporation"/>
    <property name="surefire.real.class.path" value="/Users/temur/eclipse-workspace/End2End/target/surefire/surefirebooter7490232585068180340.jar"/>
    <property name="sun.management.compiler" value="HotSpot 64-Bit Tiered Compilers"/>
    <property name="ftp.nonProxyHosts" value="local|*.local|169.254/16|*.169.254/16"/>
    <property name="java.runtime.version" value="15.0.1+9"/>
    <property name="user.name" value="temur"/>
    <property name="path.separator" value=":"/>
    <property name="os.version" value="11.0.1"/>
    <property name="java.runtime.name" value="OpenJDK Runtime Environment"/>
    <property name="file.encoding" value="UTF-8"/>
    <property name="java.vm.name" value="OpenJDK 64-Bit Server VM"/>
    <property name="localRepository" value="/Users/temur/.m2/repository"/>
    <property name="java.vendor.url.bug" value="https://bugreport.java.com/bugreport/"/>
    <property name="java.io.tmpdir" value="/var/folders/7d/m4dz999d7lgb52qf7yz1cwjw0000gn/T/"/>
    <property name="java.version" value="15.0.1"/>
    <property name="user.dir" value="/Users/temur/eclipse-workspace/End2End"/>
    <property name="os.arch" value="x86_64"/>
    <property name="java.vm.specification.name" value="Java Virtual Machine Specification"/>
    <property name="java.library.path" value="/Users/temur/Library/Java/Extensions:/Library/Java/Extensions:/Network/Library/Java/Extensions:/System/Library/Java/Extensions:/usr/lib/java:."/>
    <property name="java.vm.info" value="mixed mode, sharing"/>
    <property name="java.vendor" value="N/A"/>
    <property name="java.vm.version" value="15.0.1+9"/>
    <property name="sun.io.unicode.encoding" value="UnicodeBig"/>
    <property name="socksNonProxyHosts" value="local|*.local|169.254/16|*.169.254/16"/>
    <property name="java.class.version" value="59.0"/>
  </properties>
  <testcase name="validateNumber" classname="Framework.End2End.ValidateNumber" time="4.209">
    <system-out><![CDATA[chrome
chrome
chrome
]]></system-out>
    <system-err><![CDATA[SSStttaarartrtitinngig  nCChg hrCrhrooommmeeeDDrDrirviievvr ee8r6r.  088.66.4.020.4.4042.242420 .(2032.982 b20(73 49(833b90387b54033734f53f33f53f363f6ff3b6f1fbbb812b1486284bf66883f2a634a369a383bf4a6e932e3a8b93e4a-e9r23ebef48se9/2eb-rreae8nfc9she-/headbs-r/ra4enf2c4sh0/-@bh{eraa#dnsc/h43-27h4e0a@{ds8#/}34)724 80}@o){# n3o7n  p8poo}rrt)t   3o72n84 97p
7o
OrnOntlly  ly2o cal0lo c1ca9lo 4ncno
neOneccnttlioynsi  aolrneo sac llaaorwlee d .
caPlloelanosnew eesedcet .ihto
tpnPsls:/ e/caahrrsoeme esdr ivaeer.elch lrhtootmwpiuse:m.d/.o/
rcPghle/rasoem sesedee hcrtuitrvpiset:y/-/cchorrnos.miceddherrriaovmetiriu.omcn.hsor rofgm/oisrec uusrumigtg.ye-sotcioonnrssgi /dosener cakuterieioptniysn- gcf ooCnrhs risodumegergDaertsiitvoienors  nsfsao froe n.s 
ukegCehpgrionemgse DCtrhiirvooemnres D wroainsv  eksret easpraitfneegd.  
CshurcCochmeresoDsmrfeiuDvlreliryv .esr
a fwea.s
 stCahrrtoemde Drsiuvcerc ewsass fsutlarltyed. 
successfully.
[1607396039.277][WARNING]: This version of ChromeDriver has not been tested with Chrome version 87.
[16[0176309763093690.339.33311]][[WWAARRNNIINNGG]]::  This version of CThromeDriver has nhoits ve rsbeen testied with on of ChromeCDhrriovmee r vhearss ion n8o7t. 
been tested with Chrome version 87.
Dec 07, 2020 9:53:59 PM org.openqa.selenium.remote.ProtocolHandshake createSession
INFO: Detected dialect: W3C
Dec 07, 2020 9:53:59 PM org.openqa.selenium.remote.ProtocolHandshake createSession
INFO: Detected dialect: W3C
Dec 07, 2020 9:53:59 PM org.openqa.selenium.remote.ProtocolHandshake createSession
INFO: Detected dialect: W3C
]]></system-err>
  </testcase>
  <testcase name="validateLogo" classname="Framework.End2End.ValidateLogo" time="4.212"/>
  <testcase name="baseNavigationPath[My Username, My Password, Not Allowed](1)" classname="Framework.End2End.HomePageTest" time="5.448">
    <system-out><![CDATA[Not Allowed
]]></system-out>
  </testcase>
  <testcase name="baseNavigationPath[My Other Username, My Other Password, Allowed](2)" classname="Framework.End2End.HomePageTest" time="3.852">
    <system-out><![CDATA[chrome
Allowed
]]></system-out>
    <system-err><![CDATA[Starting ChromeDriver 86.0.4240.22 (398b0743353ff36fb1b82468f63a3a93b4e2e89e-refs/branch-heads/4240@{#378}) on port 30632
Only local connections are allowed.
Please see https://chromedriver.chromium.org/security-considerations for suggestions on keeping ChromeDriver safe.
ChromeDriver was started successfully.
[1607396043.624][WARNING]: This version of ChromeDriver has not been tested with Chrome version 87.
Dec 07, 2020 9:54:03 PM org.openqa.selenium.remote.ProtocolHandshake createSession
INFO: Detected dialect: W3C
]]></system-err>
  </testcase>
</testsuite>