<?xml version="1.0" encoding="UTF-8"?>
<!-- Generated by org.testng.reporters.JUnitReportReporter -->
<testsuite hostname="MacBook-Pro-3" failures="0" tests="1" name="Framework.End2End.ValidateLogo" time="4.797" errors="0" timestamp="2020-12-07T21:49:04 EST" skipped="0">
  <testcase classname="Framework.End2End.ValidateLogo" name="validateLogo" time="4.797"/>
  <system-out/>
</testsuite> <!-- Framework.End2End.ValidateLogo -->
