<?xml version="1.0" encoding="UTF-8"?>
<!-- Generated by org.testng.reporters.JUnitReportReporter -->
<testsuite hostname="MacBook-Pro-3" failures="0" tests="2" name="Framework.End2End.HomePageTest" time="10.362" errors="0" timestamp="2020-12-09T21:04:50 EST" skipped="0">
  <testcase classname="Framework.End2End.HomePageTest" name="baseNavigationPath" time="3.165"/>
  <system-out/>
  <testcase classname="Framework.End2End.HomePageTest" name="baseNavigationPath" time="7.197"/>
  <system-out/>
</testsuite> <!-- Framework.End2End.HomePageTest -->
