<?xml version="1.0" encoding="UTF-8"?>
<!-- Generated by org.testng.reporters.JUnitReportReporter -->
<testsuite hostname="MacBook-Pro-3" failures="0" tests="2" name="Framework.End2End.HomePageTest" time="8.132" errors="0" timestamp="2020-12-07T21:19:48 EST" skipped="0">
  <testcase classname="Framework.End2End.HomePageTest" name="baseNavigationPath" time="4.094"/>
  <system-out/>
  <testcase classname="Framework.End2End.HomePageTest" name="baseNavigationPath" time="4.038"/>
  <system-out/>
</testsuite> <!-- Framework.End2End.HomePageTest -->
