<?xml version="1.0" encoding="UTF-8"?>
<!-- Generated by org.testng.reporters.JUnitReportReporter -->
<testsuite hostname="MacBook-Pro-3" failures="0" tests="1" name="Framework.End2End.ValidateNumber" time="6.405" errors="0" timestamp="2020-12-09T21:04:50 EST" skipped="0">
  <testcase classname="Framework.End2End.ValidateNumber" name="validateNumber" time="6.405"/>
  <system-out/>
</testsuite> <!-- Framework.End2End.ValidateNumber -->
