<?xml version="1.0" encoding="UTF-8"?>
<!-- Generated by org.testng.reporters.JUnitReportReporter -->
<testsuite hostname="MacBook-Pro-3" failures="0" tests="2" name="cucumberOptions.TestRunner" time="7.907" errors="0" timestamp="2020-12-09T21:58:05 EST" skipped="0">
  <testcase classname="cucumberOptions.TestRunner" name="runScenario" time="3.246"/>
  <system-out/>
  <testcase classname="cucumberOptions.TestRunner" name="runScenario" time="4.661"/>
  <system-out/>
</testsuite> <!-- cucumberOptions.TestRunner -->
