<?xml version="1.0" encoding="UTF-8"?>
<!-- Generated by org.testng.reporters.JUnitReportReporter -->
<testsuite hostname="MacBook-Pro-3" failures="0" tests="1" name="Framework.End2End.ValidateNumber" time="4.201" errors="0" timestamp="2020-12-07T21:54:06 EST" skipped="0">
  <testcase classname="Framework.End2End.ValidateNumber" name="validateNumber" time="4.201"/>
  <system-out/>
</testsuite> <!-- Framework.End2End.ValidateNumber -->
